mode: atomic
github.com/lucas-clemente/quic-go/handshake/server_config.go:19.97,22.16 3 54
github.com/lucas-clemente/quic-go/handshake/server_config.go:26.2,27.42 2 54
github.com/lucas-clemente/quic-go/handshake/server_config.go:31.2,36.8 1 54
github.com/lucas-clemente/quic-go/handshake/server_config.go:22.16,24.3 1 0
github.com/lucas-clemente/quic-go/handshake/server_config.go:27.42,29.3 1 0
github.com/lucas-clemente/quic-go/handshake/server_config.go:40.37,55.2 4 38
github.com/lucas-clemente/quic-go/handshake/server_config.go:58.70,60.2 1 3
github.com/lucas-clemente/quic-go/handshake/server_config.go:63.113,65.2 1 3
github.com/lucas-clemente/quic-go/handshake/server_config_client.go:30.66,32.16 2 14
github.com/lucas-clemente/quic-go/handshake/server_config_client.go:35.2,35.28 1 13
github.com/lucas-clemente/quic-go/handshake/server_config_client.go:39.2,41.16 3 10
github.com/lucas-clemente/quic-go/handshake/server_config_client.go:45.2,45.18 1 9
github.com/lucas-clemente/quic-go/handshake/server_config_client.go:32.16,34.3 1 1
github.com/lucas-clemente/quic-go/handshake/server_config_client.go:35.28,37.3 1 3
github.com/lucas-clemente/quic-go/handshake/server_config_client.go:41.16,43.3 1 1
github.com/lucas-clemente/quic-go/handshake/server_config_client.go:48.71,51.9 2 33
github.com/lucas-clemente/quic-go/handshake/server_config_client.go:54.2,54.23 1 31
github.com/lucas-clemente/quic-go/handshake/server_config_client.go:57.2,62.9 3 30
github.com/lucas-clemente/quic-go/handshake/server_config_client.go:65.2,65.22 1 29
github.com/lucas-clemente/quic-go/handshake/server_config_client.go:68.2,70.35 2 28
github.com/lucas-clemente/quic-go/handshake/server_config_client.go:76.2,76.21 1 28
github.com/lucas-clemente/quic-go/handshake/server_config_client.go:81.2,82.9 2 27
github.com/lucas-clemente/quic-go/handshake/server_config_client.go:85.2,85.22 1 26
github.com/lucas-clemente/quic-go/handshake/server_config_client.go:88.2,89.35 2 25
github.com/lucas-clemente/quic-go/handshake/server_config_client.go:95.2,95.16 1 25
github.com/lucas-clemente/quic-go/handshake/server_config_client.go:100.2,101.9 2 24
github.com/lucas-clemente/quic-go/handshake/server_config_client.go:105.2,108.52 3 23
github.com/lucas-clemente/quic-go/handshake/server_config_client.go:126.2,126.35 1 21
github.com/lucas-clemente/quic-go/handshake/server_config_client.go:130.2,130.41 1 21
github.com/lucas-clemente/quic-go/handshake/server_config_client.go:134.2,136.16 3 21
github.com/lucas-clemente/quic-go/handshake/server_config_client.go:141.2,142.16 2 21
github.com/lucas-clemente/quic-go/handshake/server_config_client.go:147.2,148.9 2 21
github.com/lucas-clemente/quic-go/handshake/server_config_client.go:151.2,151.20 1 20
github.com/lucas-clemente/quic-go/handshake/server_config_client.go:154.2,158.9 3 19
github.com/lucas-clemente/quic-go/handshake/server_config_client.go:161.2,161.20 1 18
github.com/lucas-clemente/quic-go/handshake/server_config_client.go:166.2,171.12 3 17
github.com/lucas-clemente/quic-go/handshake/server_config_client.go:51.9,53.3 1 2
github.com/lucas-clemente/quic-go/handshake/server_config_client.go:54.23,56.3 1 1
github.com/lucas-clemente/quic-go/handshake/server_config_client.go:62.9,64.3 1 1
github.com/lucas-clemente/quic-go/handshake/server_config_client.go:65.22,67.3 1 1
github.com/lucas-clemente/quic-go/handshake/server_config_client.go:70.35,71.51 1 29
github.com/lucas-clemente/quic-go/handshake/server_config_client.go:71.51,73.9 2 27
github.com/lucas-clemente/quic-go/handshake/server_config_client.go:76.21,78.3 1 1
github.com/lucas-clemente/quic-go/handshake/server_config_client.go:82.9,84.3 1 1
github.com/lucas-clemente/quic-go/handshake/server_config_client.go:85.22,87.3 1 1
github.com/lucas-clemente/quic-go/handshake/server_config_client.go:89.35,90.51 1 26
github.com/lucas-clemente/quic-go/handshake/server_config_client.go:90.51,92.9 2 24
github.com/lucas-clemente/quic-go/handshake/server_config_client.go:95.16,97.3 1 1
github.com/lucas-clemente/quic-go/handshake/server_config_client.go:101.9,103.3 1 1
github.com/lucas-clemente/quic-go/handshake/server_config_client.go:108.52,112.17 2 24
github.com/lucas-clemente/quic-go/handshake/server_config_client.go:115.3,115.20 1 24
github.com/lucas-clemente/quic-go/handshake/server_config_client.go:119.3,119.36 1 23
github.com/lucas-clemente/quic-go/handshake/server_config_client.go:123.3,123.108 1 22
github.com/lucas-clemente/quic-go/handshake/server_config_client.go:112.17,114.4 1 0
github.com/lucas-clemente/quic-go/handshake/server_config_client.go:115.20,117.4 1 1
github.com/lucas-clemente/quic-go/handshake/server_config_client.go:119.36,121.4 1 1
github.com/lucas-clemente/quic-go/handshake/server_config_client.go:126.35,128.3 1 0
github.com/lucas-clemente/quic-go/handshake/server_config_client.go:130.41,132.3 1 0
github.com/lucas-clemente/quic-go/handshake/server_config_client.go:136.16,138.3 1 0
github.com/lucas-clemente/quic-go/handshake/server_config_client.go:142.16,144.3 1 0
github.com/lucas-clemente/quic-go/handshake/server_config_client.go:148.9,150.3 1 1
github.com/lucas-clemente/quic-go/handshake/server_config_client.go:151.20,153.3 1 1
github.com/lucas-clemente/quic-go/handshake/server_config_client.go:158.9,160.3 1 1
github.com/lucas-clemente/quic-go/handshake/server_config_client.go:161.20,163.3 1 1
github.com/lucas-clemente/quic-go/handshake/server_config_client.go:174.47,176.2 1 7
github.com/lucas-clemente/quic-go/handshake/server_config_client.go:178.43,180.2 1 23
github.com/lucas-clemente/quic-go/handshake/connection_parameters_manager.go:73.31,88.49 2 191
github.com/lucas-clemente/quic-go/handshake/connection_parameters_manager.go:98.2,98.10 1 191
github.com/lucas-clemente/quic-go/handshake/connection_parameters_manager.go:88.49,92.3 3 82
github.com/lucas-clemente/quic-go/handshake/connection_parameters_manager.go:92.3,96.3 3 109
github.com/lucas-clemente/quic-go/handshake/connection_parameters_manager.go:102.79,106.85 3 42
github.com/lucas-clemente/quic-go/handshake/connection_parameters_manager.go:113.2,113.38 1 41
github.com/lucas-clemente/quic-go/handshake/connection_parameters_manager.go:120.2,120.38 1 40
github.com/lucas-clemente/quic-go/handshake/connection_parameters_manager.go:127.2,127.38 1 39
github.com/lucas-clemente/quic-go/handshake/connection_parameters_manager.go:134.2,134.38 1 37
github.com/lucas-clemente/quic-go/handshake/connection_parameters_manager.go:144.2,144.38 1 34
github.com/lucas-clemente/quic-go/handshake/connection_parameters_manager.go:155.2,157.34 3 33
github.com/lucas-clemente/quic-go/handshake/connection_parameters_manager.go:161.2,161.12 1 33
github.com/lucas-clemente/quic-go/handshake/connection_parameters_manager.go:106.85,108.17 2 2
github.com/lucas-clemente/quic-go/handshake/connection_parameters_manager.go:111.3,111.46 1 1
github.com/lucas-clemente/quic-go/handshake/connection_parameters_manager.go:108.17,110.4 1 1
github.com/lucas-clemente/quic-go/handshake/connection_parameters_manager.go:113.38,115.17 2 4
github.com/lucas-clemente/quic-go/handshake/connection_parameters_manager.go:118.3,118.78 1 3
github.com/lucas-clemente/quic-go/handshake/connection_parameters_manager.go:115.17,117.4 1 1
github.com/lucas-clemente/quic-go/handshake/connection_parameters_manager.go:120.38,122.17 2 5
github.com/lucas-clemente/quic-go/handshake/connection_parameters_manager.go:125.3,125.108 1 4
github.com/lucas-clemente/quic-go/handshake/connection_parameters_manager.go:122.17,124.4 1 1
github.com/lucas-clemente/quic-go/handshake/connection_parameters_manager.go:127.38,129.17 2 4
github.com/lucas-clemente/quic-go/handshake/connection_parameters_manager.go:132.3,132.115 1 2
github.com/lucas-clemente/quic-go/handshake/connection_parameters_manager.go:129.17,131.4 1 2
github.com/lucas-clemente/quic-go/handshake/connection_parameters_manager.go:134.38,135.30 1 5
github.com/lucas-clemente/quic-go/handshake/connection_parameters_manager.go:138.3,139.17 2 4
github.com/lucas-clemente/quic-go/handshake/connection_parameters_manager.go:142.3,142.82 1 2
github.com/lucas-clemente/quic-go/handshake/connection_parameters_manager.go:135.30,137.4 1 1
github.com/lucas-clemente/quic-go/handshake/connection_parameters_manager.go:139.17,141.4 1 2
github.com/lucas-clemente/quic-go/handshake/connection_parameters_manager.go:144.38,145.30 1 3
github.com/lucas-clemente/quic-go/handshake/connection_parameters_manager.go:148.3,149.17 2 3
github.com/lucas-clemente/quic-go/handshake/connection_parameters_manager.go:152.3,152.90 1 2
github.com/lucas-clemente/quic-go/handshake/connection_parameters_manager.go:145.30,147.4 1 0
github.com/lucas-clemente/quic-go/handshake/connection_parameters_manager.go:149.17,151.4 1 1
github.com/lucas-clemente/quic-go/handshake/connection_parameters_manager.go:157.34,159.3 1 3
github.com/lucas-clemente/quic-go/handshake/connection_parameters_manager.go:164.99,166.2 1 3
github.com/lucas-clemente/quic-go/handshake/connection_parameters_manager.go:168.114,170.2 1 4
github.com/lucas-clemente/quic-go/handshake/connection_parameters_manager.go:172.117,173.49 1 6
github.com/lucas-clemente/quic-go/handshake/connection_parameters_manager.go:176.2,176.70 1 3
github.com/lucas-clemente/quic-go/handshake/connection_parameters_manager.go:173.49,175.3 1 3
github.com/lucas-clemente/quic-go/handshake/connection_parameters_manager.go:180.77,199.2 11 50
github.com/lucas-clemente/quic-go/handshake/connection_parameters_manager.go:202.91,206.2 3 6
github.com/lucas-clemente/quic-go/handshake/connection_parameters_manager.go:209.95,213.2 3 4
github.com/lucas-clemente/quic-go/handshake/connection_parameters_manager.go:216.94,220.2 3 52
github.com/lucas-clemente/quic-go/handshake/connection_parameters_manager.go:223.97,224.49 1 2
github.com/lucas-clemente/quic-go/handshake/connection_parameters_manager.go:227.2,227.50 1 1
github.com/lucas-clemente/quic-go/handshake/connection_parameters_manager.go:224.49,226.3 1 1
github.com/lucas-clemente/quic-go/handshake/connection_parameters_manager.go:231.98,235.2 3 52
github.com/lucas-clemente/quic-go/handshake/connection_parameters_manager.go:238.101,239.49 1 2
github.com/lucas-clemente/quic-go/handshake/connection_parameters_manager.go:242.2,242.54 1 1
github.com/lucas-clemente/quic-go/handshake/connection_parameters_manager.go:239.49,241.3 1 1
github.com/lucas-clemente/quic-go/handshake/connection_parameters_manager.go:246.70,251.2 3 2
github.com/lucas-clemente/quic-go/handshake/connection_parameters_manager.go:254.70,260.2 4 1
github.com/lucas-clemente/quic-go/handshake/connection_parameters_manager.go:263.86,267.2 3 55
github.com/lucas-clemente/quic-go/handshake/connection_parameters_manager.go:270.67,271.49 1 3
github.com/lucas-clemente/quic-go/handshake/connection_parameters_manager.go:275.2,277.31 3 2
github.com/lucas-clemente/quic-go/handshake/connection_parameters_manager.go:271.49,273.3 1 1
github.com/lucas-clemente/quic-go/handshake/crypto_setup_server.go:73.24,75.16 2 51
github.com/lucas-clemente/quic-go/handshake/crypto_setup_server.go:79.2,93.8 1 51
github.com/lucas-clemente/quic-go/handshake/crypto_setup_server.go:75.16,77.3 1 0
github.com/lucas-clemente/quic-go/handshake/crypto_setup_server.go:97.56,98.6 1 18
github.com/lucas-clemente/quic-go/handshake/crypto_setup_server.go:98.6,101.17 3 19
github.com/lucas-clemente/quic-go/handshake/crypto_setup_server.go:104.3,104.29 1 18
github.com/lucas-clemente/quic-go/handshake/crypto_setup_server.go:108.3,110.17 3 17
github.com/lucas-clemente/quic-go/handshake/crypto_setup_server.go:113.3,113.11 1 4
github.com/lucas-clemente/quic-go/handshake/crypto_setup_server.go:101.17,103.4 1 1
github.com/lucas-clemente/quic-go/handshake/crypto_setup_server.go:104.29,106.4 1 1
github.com/lucas-clemente/quic-go/handshake/crypto_setup_server.go:110.17,112.4 1 13
github.com/lucas-clemente/quic-go/handshake/crypto_setup_server.go:113.11,115.4 1 3
github.com/lucas-clemente/quic-go/handshake/crypto_setup_server.go:119.101,120.64 1 19
github.com/lucas-clemente/quic-go/handshake/crypto_setup_server.go:124.2,125.9 2 18
github.com/lucas-clemente/quic-go/handshake/crypto_setup_server.go:128.2,129.15 2 17
github.com/lucas-clemente/quic-go/handshake/crypto_setup_server.go:135.2,136.9 2 16
github.com/lucas-clemente/quic-go/handshake/crypto_setup_server.go:139.2,139.24 1 15
github.com/lucas-clemente/quic-go/handshake/crypto_setup_server.go:142.2,145.79 3 14
github.com/lucas-clemente/quic-go/handshake/crypto_setup_server.go:149.2,153.16 4 13
github.com/lucas-clemente/quic-go/handshake/crypto_setup_server.go:157.2,157.53 1 13
github.com/lucas-clemente/quic-go/handshake/crypto_setup_server.go:171.2,172.16 2 3
github.com/lucas-clemente/quic-go/handshake/crypto_setup_server.go:175.2,176.19 2 3
github.com/lucas-clemente/quic-go/handshake/crypto_setup_server.go:120.64,122.3 1 1
github.com/lucas-clemente/quic-go/handshake/crypto_setup_server.go:125.9,127.3 1 1
github.com/lucas-clemente/quic-go/handshake/crypto_setup_server.go:129.15,131.3 1 1
github.com/lucas-clemente/quic-go/handshake/crypto_setup_server.go:136.9,138.3 1 1
github.com/lucas-clemente/quic-go/handshake/crypto_setup_server.go:139.24,141.3 1 1
github.com/lucas-clemente/quic-go/handshake/crypto_setup_server.go:145.79,147.3 1 1
github.com/lucas-clemente/quic-go/handshake/crypto_setup_server.go:153.16,155.3 1 0
github.com/lucas-clemente/quic-go/handshake/crypto_setup_server.go:157.53,160.17 2 10
github.com/lucas-clemente/quic-go/handshake/crypto_setup_server.go:163.3,164.17 2 3
github.com/lucas-clemente/quic-go/handshake/crypto_setup_server.go:167.3,167.19 1 3
github.com/lucas-clemente/quic-go/handshake/crypto_setup_server.go:160.17,162.4 1 7
github.com/lucas-clemente/quic-go/handshake/crypto_setup_server.go:164.17,166.4 1 0
github.com/lucas-clemente/quic-go/handshake/crypto_setup_server.go:172.16,174.3 1 0
github.com/lucas-clemente/quic-go/handshake/crypto_setup_server.go:180.152,184.32 3 9
github.com/lucas-clemente/quic-go/handshake/crypto_setup_server.go:197.2,197.25 1 6
github.com/lucas-clemente/quic-go/handshake/crypto_setup_server.go:207.2,208.16 2 3
github.com/lucas-clemente/quic-go/handshake/crypto_setup_server.go:211.2,211.49 1 2
github.com/lucas-clemente/quic-go/handshake/crypto_setup_server.go:184.32,186.17 2 7
github.com/lucas-clemente/quic-go/handshake/crypto_setup_server.go:193.3,193.36 1 5
github.com/lucas-clemente/quic-go/handshake/crypto_setup_server.go:186.17,187.38 1 2
github.com/lucas-clemente/quic-go/handshake/crypto_setup_server.go:191.4,191.53 1 2
github.com/lucas-clemente/quic-go/handshake/crypto_setup_server.go:187.38,190.5 2 2
github.com/lucas-clemente/quic-go/handshake/crypto_setup_server.go:193.36,195.4 1 1
github.com/lucas-clemente/quic-go/handshake/crypto_setup_server.go:197.25,199.17 2 4
github.com/lucas-clemente/quic-go/handshake/crypto_setup_server.go:203.3,203.29 1 2
github.com/lucas-clemente/quic-go/handshake/crypto_setup_server.go:199.17,202.4 2 2
github.com/lucas-clemente/quic-go/handshake/crypto_setup_server.go:203.29,205.4 1 1
github.com/lucas-clemente/quic-go/handshake/crypto_setup_server.go:208.16,210.3 1 1
github.com/lucas-clemente/quic-go/handshake/crypto_setup_server.go:214.76,217.32 3 3
github.com/lucas-clemente/quic-go/handshake/crypto_setup_server.go:220.2,220.58 1 1
github.com/lucas-clemente/quic-go/handshake/crypto_setup_server.go:217.32,219.3 1 2
github.com/lucas-clemente/quic-go/handshake/crypto_setup_server.go:223.91,226.25 3 2
github.com/lucas-clemente/quic-go/handshake/crypto_setup_server.go:229.2,229.58 1 1
github.com/lucas-clemente/quic-go/handshake/crypto_setup_server.go:226.25,228.3 1 1
github.com/lucas-clemente/quic-go/handshake/crypto_setup_server.go:232.109,236.18 3 6
github.com/lucas-clemente/quic-go/handshake/crypto_setup_server.go:250.2,250.76 1 1
github.com/lucas-clemente/quic-go/handshake/crypto_setup_server.go:237.38,238.32 1 1
github.com/lucas-clemente/quic-go/handshake/crypto_setup_server.go:239.33,240.26 1 2
github.com/lucas-clemente/quic-go/handshake/crypto_setup_server.go:243.3,243.27 1 1
github.com/lucas-clemente/quic-go/handshake/crypto_setup_server.go:244.40,245.33 1 2
github.com/lucas-clemente/quic-go/handshake/crypto_setup_server.go:248.3,248.34 1 1
github.com/lucas-clemente/quic-go/handshake/crypto_setup_server.go:240.26,242.4 1 1
github.com/lucas-clemente/quic-go/handshake/crypto_setup_server.go:245.33,247.4 1 1
github.com/lucas-clemente/quic-go/handshake/crypto_setup_server.go:253.128,255.2 1 3
github.com/lucas-clemente/quic-go/handshake/crypto_setup_server.go:257.123,259.2 1 2
github.com/lucas-clemente/quic-go/handshake/crypto_setup_server.go:261.130,263.2 1 3
github.com/lucas-clemente/quic-go/handshake/crypto_setup_server.go:265.89,266.39 1 20
github.com/lucas-clemente/quic-go/handshake/crypto_setup_server.go:269.2,270.42 2 16
github.com/lucas-clemente/quic-go/handshake/crypto_setup_server.go:273.2,274.30 2 15
github.com/lucas-clemente/quic-go/handshake/crypto_setup_server.go:277.2,278.35 2 13
github.com/lucas-clemente/quic-go/handshake/crypto_setup_server.go:281.2,281.41 1 12
github.com/lucas-clemente/quic-go/handshake/crypto_setup_server.go:266.39,268.3 1 4
github.com/lucas-clemente/quic-go/handshake/crypto_setup_server.go:270.42,272.3 1 1
github.com/lucas-clemente/quic-go/handshake/crypto_setup_server.go:274.30,276.3 1 2
github.com/lucas-clemente/quic-go/handshake/crypto_setup_server.go:278.35,280.3 1 1
github.com/lucas-clemente/quic-go/handshake/crypto_setup_server.go:284.58,286.16 2 18
github.com/lucas-clemente/quic-go/handshake/crypto_setup_server.go:290.2,290.47 1 17
github.com/lucas-clemente/quic-go/handshake/crypto_setup_server.go:286.16,289.3 2 1
github.com/lucas-clemente/quic-go/handshake/crypto_setup_server.go:293.116,294.49 1 7
github.com/lucas-clemente/quic-go/handshake/crypto_setup_server.go:298.2,299.16 2 6
github.com/lucas-clemente/quic-go/handshake/crypto_setup_server.go:303.2,309.37 2 6
github.com/lucas-clemente/quic-go/handshake/crypto_setup_server.go:327.2,335.33 5 6
github.com/lucas-clemente/quic-go/handshake/crypto_setup_server.go:294.49,296.3 1 1
github.com/lucas-clemente/quic-go/handshake/crypto_setup_server.go:299.16,301.3 1 0
github.com/lucas-clemente/quic-go/handshake/crypto_setup_server.go:309.37,311.17 2 3
github.com/lucas-clemente/quic-go/handshake/crypto_setup_server.go:315.3,319.17 4 3
github.com/lucas-clemente/quic-go/handshake/crypto_setup_server.go:323.3,324.37 2 3
github.com/lucas-clemente/quic-go/handshake/crypto_setup_server.go:311.17,313.4 1 0
github.com/lucas-clemente/quic-go/handshake/crypto_setup_server.go:319.17,321.4 1 0
github.com/lucas-clemente/quic-go/handshake/crypto_setup_server.go:338.108,341.16 2 22
github.com/lucas-clemente/quic-go/handshake/crypto_setup_server.go:345.2,349.16 4 21
github.com/lucas-clemente/quic-go/handshake/crypto_setup_server.go:353.2,354.49 2 21
github.com/lucas-clemente/quic-go/handshake/crypto_setup_server.go:358.2,359.60 2 21
github.com/lucas-clemente/quic-go/handshake/crypto_setup_server.go:363.2,365.16 3 21
github.com/lucas-clemente/quic-go/handshake/crypto_setup_server.go:369.2,370.40 2 19
github.com/lucas-clemente/quic-go/handshake/crypto_setup_server.go:374.2,375.40 2 16
github.com/lucas-clemente/quic-go/handshake/crypto_setup_server.go:379.2,390.16 2 14
github.com/lucas-clemente/quic-go/handshake/crypto_setup_server.go:394.2,402.16 7 14
github.com/lucas-clemente/quic-go/handshake/crypto_setup_server.go:406.2,417.16 2 14
github.com/lucas-clemente/quic-go/handshake/crypto_setup_server.go:421.2,422.16 2 14
github.com/lucas-clemente/quic-go/handshake/crypto_setup_server.go:426.2,427.16 2 14
github.com/lucas-clemente/quic-go/handshake/crypto_setup_server.go:431.2,432.40 2 14
github.com/lucas-clemente/quic-go/handshake/crypto_setup_server.go:435.2,450.27 9 14
github.com/lucas-clemente/quic-go/handshake/crypto_setup_server.go:341.16,343.3 1 1
github.com/lucas-clemente/quic-go/handshake/crypto_setup_server.go:349.16,351.3 1 0
github.com/lucas-clemente/quic-go/handshake/crypto_setup_server.go:354.49,356.3 1 0
github.com/lucas-clemente/quic-go/handshake/crypto_setup_server.go:359.60,361.3 1 0
github.com/lucas-clemente/quic-go/handshake/crypto_setup_server.go:365.16,367.3 1 2
github.com/lucas-clemente/quic-go/handshake/crypto_setup_server.go:370.40,372.3 1 3
github.com/lucas-clemente/quic-go/handshake/crypto_setup_server.go:375.40,377.3 1 2
github.com/lucas-clemente/quic-go/handshake/crypto_setup_server.go:390.16,392.3 1 0
github.com/lucas-clemente/quic-go/handshake/crypto_setup_server.go:402.16,404.3 1 0
github.com/lucas-clemente/quic-go/handshake/crypto_setup_server.go:417.16,419.3 1 0
github.com/lucas-clemente/quic-go/handshake/crypto_setup_server.go:422.16,424.3 1 0
github.com/lucas-clemente/quic-go/handshake/crypto_setup_server.go:427.16,429.3 1 0
github.com/lucas-clemente/quic-go/handshake/crypto_setup_server.go:432.40,434.3 1 42
github.com/lucas-clemente/quic-go/handshake/crypto_setup_server.go:454.59,456.2 1 2
github.com/lucas-clemente/quic-go/handshake/crypto_setup_server.go:458.66,459.43 1 0
github.com/lucas-clemente/quic-go/handshake/crypto_setup_server.go:462.69,463.22 1 21
github.com/lucas-clemente/quic-go/handshake/crypto_setup_server.go:466.2,466.44 1 20
github.com/lucas-clemente/quic-go/handshake/crypto_setup_server.go:469.2,469.12 1 19
github.com/lucas-clemente/quic-go/handshake/crypto_setup_server.go:463.22,465.3 1 1
github.com/lucas-clemente/quic-go/handshake/crypto_setup_server.go:466.44,468.3 1 1
github.com/lucas-clemente/quic-go/handshake/ephermal_cache.go:27.48,32.47 5 5
github.com/lucas-clemente/quic-go/handshake/ephermal_cache.go:36.2,39.67 3 2
github.com/lucas-clemente/quic-go/handshake/ephermal_cache.go:49.2,49.19 1 0
github.com/lucas-clemente/quic-go/handshake/ephermal_cache.go:32.47,34.3 1 3
github.com/lucas-clemente/quic-go/handshake/ephermal_cache.go:39.67,41.17 2 2
github.com/lucas-clemente/quic-go/handshake/ephermal_cache.go:45.3,47.20 3 2
github.com/lucas-clemente/quic-go/handshake/ephermal_cache.go:41.17,44.4 2 0
github.com/lucas-clemente/quic-go/handshake/handshake_message.go:24.67,27.50 2 45
github.com/lucas-clemente/quic-go/handshake/handshake_message.go:30.2,32.50 2 39
github.com/lucas-clemente/quic-go/handshake/handshake_message.go:35.2,37.39 2 38
github.com/lucas-clemente/quic-go/handshake/handshake_message.go:41.2,42.49 2 35
github.com/lucas-clemente/quic-go/handshake/handshake_message.go:46.2,49.61 3 35
github.com/lucas-clemente/quic-go/handshake/handshake_message.go:67.2,69.24 1 34
github.com/lucas-clemente/quic-go/handshake/handshake_message.go:27.50,29.3 1 0
github.com/lucas-clemente/quic-go/handshake/handshake_message.go:32.50,34.3 1 1
github.com/lucas-clemente/quic-go/handshake/handshake_message.go:37.39,39.3 1 3
github.com/lucas-clemente/quic-go/handshake/handshake_message.go:42.49,44.3 1 0
github.com/lucas-clemente/quic-go/handshake/handshake_message.go:49.61,54.50 4 188
github.com/lucas-clemente/quic-go/handshake/handshake_message.go:58.3,59.49 2 187
github.com/lucas-clemente/quic-go/handshake/handshake_message.go:63.3,64.22 2 187
github.com/lucas-clemente/quic-go/handshake/handshake_message.go:54.50,56.4 1 1
github.com/lucas-clemente/quic-go/handshake/handshake_message.go:59.49,61.4 1 0
github.com/lucas-clemente/quic-go/handshake/handshake_message.go:73.50,86.38 9 107
github.com/lucas-clemente/quic-go/handshake/handshake_message.go:95.2,95.41 1 107
github.com/lucas-clemente/quic-go/handshake/handshake_message.go:86.38,92.3 5 700
github.com/lucas-clemente/quic-go/handshake/handshake_message.go:98.53,101.24 3 109
github.com/lucas-clemente/quic-go/handshake/handshake_message.go:105.2,106.13 2 109
github.com/lucas-clemente/quic-go/handshake/handshake_message.go:101.24,104.3 2 703
github.com/lucas-clemente/quic-go/handshake/handshake_message.go:109.43,112.38 3 2
github.com/lucas-clemente/quic-go/handshake/handshake_message.go:121.2,121.18 1 2
github.com/lucas-clemente/quic-go/handshake/handshake_message.go:124.2,124.12 1 2
github.com/lucas-clemente/quic-go/handshake/handshake_message.go:112.38,114.20 2 3
github.com/lucas-clemente/quic-go/handshake/handshake_message.go:114.20,116.4 1 1
github.com/lucas-clemente/quic-go/handshake/handshake_message.go:116.4,118.4 1 2
github.com/lucas-clemente/quic-go/handshake/handshake_message.go:121.18,123.3 1 1
github.com/lucas-clemente/quic-go/handshake/handshake_message.go:127.34,130.19 3 5
github.com/lucas-clemente/quic-go/handshake/handshake_message.go:135.2,135.18 1 5
github.com/lucas-clemente/quic-go/handshake/handshake_message.go:130.19,131.16 1 20
github.com/lucas-clemente/quic-go/handshake/handshake_message.go:131.16,133.4 1 1
github.com/lucas-clemente/quic-go/handshake/stk_generator.go:35.47,37.16 2 60
github.com/lucas-clemente/quic-go/handshake/stk_generator.go:40.2,42.8 1 60
github.com/lucas-clemente/quic-go/handshake/stk_generator.go:37.16,39.3 1 0
github.com/lucas-clemente/quic-go/handshake/stk_generator.go:46.65,51.16 2 64
github.com/lucas-clemente/quic-go/handshake/stk_generator.go:54.2,54.35 1 64
github.com/lucas-clemente/quic-go/handshake/stk_generator.go:51.16,53.3 1 0
github.com/lucas-clemente/quic-go/handshake/stk_generator.go:58.68,60.25 1 29
github.com/lucas-clemente/quic-go/handshake/stk_generator.go:64.2,65.16 2 24
github.com/lucas-clemente/quic-go/handshake/stk_generator.go:68.2,70.16 3 22
github.com/lucas-clemente/quic-go/handshake/stk_generator.go:73.2,73.20 1 21
github.com/lucas-clemente/quic-go/handshake/stk_generator.go:76.2,79.8 1 20
github.com/lucas-clemente/quic-go/handshake/stk_generator.go:60.25,62.3 1 5
github.com/lucas-clemente/quic-go/handshake/stk_generator.go:65.16,67.3 1 2
github.com/lucas-clemente/quic-go/handshake/stk_generator.go:70.16,72.3 1 1
github.com/lucas-clemente/quic-go/handshake/stk_generator.go:73.20,75.3 1 1
github.com/lucas-clemente/quic-go/handshake/stk_generator.go:83.51,84.50 1 64
github.com/lucas-clemente/quic-go/handshake/stk_generator.go:87.2,87.72 1 1
github.com/lucas-clemente/quic-go/handshake/stk_generator.go:84.50,86.3 1 63
github.com/lucas-clemente/quic-go/handshake/stk_generator.go:91.43,93.20 1 20
github.com/lucas-clemente/quic-go/handshake/stk_generator.go:96.2,96.28 1 19
github.com/lucas-clemente/quic-go/handshake/stk_generator.go:99.2,99.25 1 1
github.com/lucas-clemente/quic-go/handshake/stk_generator.go:93.20,95.3 1 1
github.com/lucas-clemente/quic-go/handshake/stk_generator.go:96.28,98.3 1 18
github.com/lucas-clemente/quic-go/handshake/crypto_setup_client.go:77.24,93.2 1 78
github.com/lucas-clemente/quic-go/handshake/crypto_setup_client.go:95.56,99.12 3 8
github.com/lucas-clemente/quic-go/handshake/crypto_setup_client.go:110.2,110.6 1 8
github.com/lucas-clemente/quic-go/handshake/crypto_setup_client.go:99.12,100.7 1 7
github.com/lucas-clemente/quic-go/handshake/crypto_setup_client.go:100.7,102.18 2 9
github.com/lucas-clemente/quic-go/handshake/crypto_setup_client.go:106.4,106.26 1 2
github.com/lucas-clemente/quic-go/handshake/crypto_setup_client.go:102.18,105.5 2 1
github.com/lucas-clemente/quic-go/handshake/crypto_setup_client.go:110.6,112.17 2 13
github.com/lucas-clemente/quic-go/handshake/crypto_setup_client.go:116.3,120.15 4 13
github.com/lucas-clemente/quic-go/handshake/crypto_setup_client.go:127.3,128.10 2 13
github.com/lucas-clemente/quic-go/handshake/crypto_setup_client.go:141.3,142.22 2 2
github.com/lucas-clemente/quic-go/handshake/crypto_setup_client.go:150.3,150.17 1 1
github.com/lucas-clemente/quic-go/handshake/crypto_setup_client.go:112.17,114.4 1 0
github.com/lucas-clemente/quic-go/handshake/crypto_setup_client.go:120.15,122.18 2 11
github.com/lucas-clemente/quic-go/handshake/crypto_setup_client.go:122.18,124.5 1 0
github.com/lucas-clemente/quic-go/handshake/crypto_setup_client.go:129.37,130.90 1 5
github.com/lucas-clemente/quic-go/handshake/crypto_setup_client.go:133.4,135.12 2 4
github.com/lucas-clemente/quic-go/handshake/crypto_setup_client.go:136.32,136.32 0 2
github.com/lucas-clemente/quic-go/handshake/crypto_setup_client.go:137.26,138.14 1 1
github.com/lucas-clemente/quic-go/handshake/crypto_setup_client.go:130.90,132.5 1 1
github.com/lucas-clemente/quic-go/handshake/crypto_setup_client.go:143.15,144.42 1 1
github.com/lucas-clemente/quic-go/handshake/crypto_setup_client.go:145.16,146.43 1 0
github.com/lucas-clemente/quic-go/handshake/crypto_setup_client.go:147.11,148.40 1 1
github.com/lucas-clemente/quic-go/handshake/crypto_setup_client.go:150.17,152.4 1 0
github.com/lucas-clemente/quic-go/handshake/crypto_setup_client.go:156.79,159.39 2 20
github.com/lucas-clemente/quic-go/handshake/crypto_setup_client.go:163.2,163.39 1 20
github.com/lucas-clemente/quic-go/handshake/crypto_setup_client.go:168.2,168.41 1 20
github.com/lucas-clemente/quic-go/handshake/crypto_setup_client.go:187.2,187.42 1 18
github.com/lucas-clemente/quic-go/handshake/crypto_setup_client.go:192.2,192.40 1 18
github.com/lucas-clemente/quic-go/handshake/crypto_setup_client.go:205.2,205.86 1 16
github.com/lucas-clemente/quic-go/handshake/crypto_setup_client.go:215.2,215.12 1 15
github.com/lucas-clemente/quic-go/handshake/crypto_setup_client.go:159.39,161.3 1 1
github.com/lucas-clemente/quic-go/handshake/crypto_setup_client.go:163.39,165.3 1 1
github.com/lucas-clemente/quic-go/handshake/crypto_setup_client.go:168.41,170.17 2 6
github.com/lucas-clemente/quic-go/handshake/crypto_setup_client.go:174.3,174.33 1 5
github.com/lucas-clemente/quic-go/handshake/crypto_setup_client.go:179.3,179.23 1 4
github.com/lucas-clemente/quic-go/handshake/crypto_setup_client.go:170.17,172.4 1 1
github.com/lucas-clemente/quic-go/handshake/crypto_setup_client.go:174.33,176.4 1 1
github.com/lucas-clemente/quic-go/handshake/crypto_setup_client.go:179.23,181.18 2 3
github.com/lucas-clemente/quic-go/handshake/crypto_setup_client.go:181.18,183.5 1 0
github.com/lucas-clemente/quic-go/handshake/crypto_setup_client.go:187.42,190.3 2 6
github.com/lucas-clemente/quic-go/handshake/crypto_setup_client.go:192.40,194.17 2 8
github.com/lucas-clemente/quic-go/handshake/crypto_setup_client.go:198.3,199.17 2 7
github.com/lucas-clemente/quic-go/handshake/crypto_setup_client.go:194.17,196.4 1 1
github.com/lucas-clemente/quic-go/handshake/crypto_setup_client.go:199.17,202.4 2 1
github.com/lucas-clemente/quic-go/handshake/crypto_setup_client.go:205.86,207.18 2 2
github.com/lucas-clemente/quic-go/handshake/crypto_setup_client.go:212.3,212.26 1 1
github.com/lucas-clemente/quic-go/handshake/crypto_setup_client.go:207.18,210.4 2 1
github.com/lucas-clemente/quic-go/handshake/crypto_setup_client.go:218.80,222.29 3 13
github.com/lucas-clemente/quic-go/handshake/crypto_setup_client.go:226.2,226.39 1 12
github.com/lucas-clemente/quic-go/handshake/crypto_setup_client.go:230.2,231.9 2 12
github.com/lucas-clemente/quic-go/handshake/crypto_setup_client.go:235.2,236.9 2 11
github.com/lucas-clemente/quic-go/handshake/crypto_setup_client.go:239.2,239.36 1 10
github.com/lucas-clemente/quic-go/handshake/crypto_setup_client.go:243.2,246.16 3 9
github.com/lucas-clemente/quic-go/handshake/crypto_setup_client.go:250.2,263.16 3 9
github.com/lucas-clemente/quic-go/handshake/crypto_setup_client.go:267.2,268.16 2 9
github.com/lucas-clemente/quic-go/handshake/crypto_setup_client.go:272.2,275.12 3 8
github.com/lucas-clemente/quic-go/handshake/crypto_setup_client.go:222.29,224.3 1 1
github.com/lucas-clemente/quic-go/handshake/crypto_setup_client.go:226.39,228.3 1 2
github.com/lucas-clemente/quic-go/handshake/crypto_setup_client.go:231.9,233.3 1 1
github.com/lucas-clemente/quic-go/handshake/crypto_setup_client.go:236.9,238.3 1 1
github.com/lucas-clemente/quic-go/handshake/crypto_setup_client.go:239.36,241.3 1 1
github.com/lucas-clemente/quic-go/handshake/crypto_setup_client.go:246.16,248.3 1 0
github.com/lucas-clemente/quic-go/handshake/crypto_setup_client.go:263.16,265.3 1 0
github.com/lucas-clemente/quic-go/handshake/crypto_setup_client.go:268.16,270.3 1 1
github.com/lucas-clemente/quic-go/handshake/crypto_setup_client.go:278.70,279.36 1 15
github.com/lucas-clemente/quic-go/handshake/crypto_setup_client.go:282.2,282.72 1 6
github.com/lucas-clemente/quic-go/handshake/crypto_setup_client.go:286.2,287.57 2 3
github.com/lucas-clemente/quic-go/handshake/crypto_setup_client.go:300.2,300.13 1 2
github.com/lucas-clemente/quic-go/handshake/crypto_setup_client.go:279.36,281.3 1 9
github.com/lucas-clemente/quic-go/handshake/crypto_setup_client.go:282.72,284.3 1 3
github.com/lucas-clemente/quic-go/handshake/crypto_setup_client.go:287.57,289.17 2 5
github.com/lucas-clemente/quic-go/handshake/crypto_setup_client.go:292.3,293.68 2 5
github.com/lucas-clemente/quic-go/handshake/crypto_setup_client.go:296.3,296.31 1 5
github.com/lucas-clemente/quic-go/handshake/crypto_setup_client.go:289.17,291.4 1 0
github.com/lucas-clemente/quic-go/handshake/crypto_setup_client.go:293.68,295.4 1 2
github.com/lucas-clemente/quic-go/handshake/crypto_setup_client.go:296.31,298.4 1 1
github.com/lucas-clemente/quic-go/handshake/crypto_setup_client.go:303.152,307.32 3 7
github.com/lucas-clemente/quic-go/handshake/crypto_setup_client.go:315.2,315.25 1 5
github.com/lucas-clemente/quic-go/handshake/crypto_setup_client.go:325.2,326.16 2 3
github.com/lucas-clemente/quic-go/handshake/crypto_setup_client.go:329.2,329.49 1 2
github.com/lucas-clemente/quic-go/handshake/crypto_setup_client.go:307.32,309.17 2 2
github.com/lucas-clemente/quic-go/handshake/crypto_setup_client.go:312.3,312.50 1 1
github.com/lucas-clemente/quic-go/handshake/crypto_setup_client.go:309.17,311.4 1 1
github.com/lucas-clemente/quic-go/handshake/crypto_setup_client.go:315.25,317.17 2 3
github.com/lucas-clemente/quic-go/handshake/crypto_setup_client.go:321.3,321.29 1 2
github.com/lucas-clemente/quic-go/handshake/crypto_setup_client.go:317.17,320.4 2 1
github.com/lucas-clemente/quic-go/handshake/crypto_setup_client.go:321.29,323.4 1 1
github.com/lucas-clemente/quic-go/handshake/crypto_setup_client.go:326.16,328.3 1 1
github.com/lucas-clemente/quic-go/handshake/crypto_setup_client.go:332.76,335.32 3 3
github.com/lucas-clemente/quic-go/handshake/crypto_setup_client.go:335.32,337.3 1 1
github.com/lucas-clemente/quic-go/handshake/crypto_setup_client.go:337.3,337.32 1 2
github.com/lucas-clemente/quic-go/handshake/crypto_setup_client.go:337.32,339.3 1 1
github.com/lucas-clemente/quic-go/handshake/crypto_setup_client.go:339.3,341.3 1 1
github.com/lucas-clemente/quic-go/handshake/crypto_setup_client.go:344.91,346.2 1 3
github.com/lucas-clemente/quic-go/handshake/crypto_setup_client.go:348.109,352.18 3 6
github.com/lucas-clemente/quic-go/handshake/crypto_setup_client.go:366.2,366.76 1 1
github.com/lucas-clemente/quic-go/handshake/crypto_setup_client.go:353.38,354.32 1 1
github.com/lucas-clemente/quic-go/handshake/crypto_setup_client.go:355.33,356.26 1 2
github.com/lucas-clemente/quic-go/handshake/crypto_setup_client.go:359.3,359.27 1 1
github.com/lucas-clemente/quic-go/handshake/crypto_setup_client.go:360.40,361.33 1 2
github.com/lucas-clemente/quic-go/handshake/crypto_setup_client.go:364.3,364.34 1 1
github.com/lucas-clemente/quic-go/handshake/crypto_setup_client.go:356.26,358.4 1 1
github.com/lucas-clemente/quic-go/handshake/crypto_setup_client.go:361.33,363.4 1 1
github.com/lucas-clemente/quic-go/handshake/crypto_setup_client.go:369.128,371.2 1 5
github.com/lucas-clemente/quic-go/handshake/crypto_setup_client.go:373.123,375.2 1 2
github.com/lucas-clemente/quic-go/handshake/crypto_setup_client.go:377.130,379.2 1 2
github.com/lucas-clemente/quic-go/handshake/crypto_setup_client.go:381.59,382.43 1 0
github.com/lucas-clemente/quic-go/handshake/crypto_setup_client.go:385.66,387.2 1 6
github.com/lucas-clemente/quic-go/handshake/crypto_setup_client.go:389.46,391.53 2 18
github.com/lucas-clemente/quic-go/handshake/crypto_setup_client.go:395.2,398.16 3 17
github.com/lucas-clemente/quic-go/handshake/crypto_setup_client.go:401.2,411.16 6 17
github.com/lucas-clemente/quic-go/handshake/crypto_setup_client.go:415.2,417.12 2 17
github.com/lucas-clemente/quic-go/handshake/crypto_setup_client.go:391.53,393.3 1 1
github.com/lucas-clemente/quic-go/handshake/crypto_setup_client.go:398.16,400.3 1 0
github.com/lucas-clemente/quic-go/handshake/crypto_setup_client.go:411.16,413.3 1 0
github.com/lucas-clemente/quic-go/handshake/crypto_setup_client.go:420.63,422.16 2 28
github.com/lucas-clemente/quic-go/handshake/crypto_setup_client.go:425.2,429.18 4 28
github.com/lucas-clemente/quic-go/handshake/crypto_setup_client.go:433.2,437.44 4 28
github.com/lucas-clemente/quic-go/handshake/crypto_setup_client.go:440.2,440.20 1 28
github.com/lucas-clemente/quic-go/handshake/crypto_setup_client.go:443.2,443.20 1 28
github.com/lucas-clemente/quic-go/handshake/crypto_setup_client.go:447.2,447.27 1 28
github.com/lucas-clemente/quic-go/handshake/crypto_setup_client.go:464.2,464.18 1 28
github.com/lucas-clemente/quic-go/handshake/crypto_setup_client.go:422.16,424.3 1 0
github.com/lucas-clemente/quic-go/handshake/crypto_setup_client.go:429.18,431.3 1 1
github.com/lucas-clemente/quic-go/handshake/crypto_setup_client.go:437.44,439.3 1 1
github.com/lucas-clemente/quic-go/handshake/crypto_setup_client.go:440.20,442.3 1 2
github.com/lucas-clemente/quic-go/handshake/crypto_setup_client.go:443.20,445.3 1 2
github.com/lucas-clemente/quic-go/handshake/crypto_setup_client.go:447.27,451.22 3 3
github.com/lucas-clemente/quic-go/handshake/crypto_setup_client.go:451.22,461.4 8 2
github.com/lucas-clemente/quic-go/handshake/crypto_setup_client.go:468.61,470.27 2 18
github.com/lucas-clemente/quic-go/handshake/crypto_setup_client.go:473.2,474.21 2 18
github.com/lucas-clemente/quic-go/handshake/crypto_setup_client.go:470.27,472.3 1 145
github.com/lucas-clemente/quic-go/handshake/crypto_setup_client.go:474.21,476.3 1 18
github.com/lucas-clemente/quic-go/handshake/crypto_setup_client.go:479.56,480.23 1 23
github.com/lucas-clemente/quic-go/handshake/crypto_setup_client.go:484.2,488.194 4 12
github.com/lucas-clemente/quic-go/handshake/crypto_setup_client.go:515.2,515.12 1 12
github.com/lucas-clemente/quic-go/handshake/crypto_setup_client.go:480.23,482.3 1 11
github.com/lucas-clemente/quic-go/handshake/crypto_setup_client.go:488.194,491.19 3 11
github.com/lucas-clemente/quic-go/handshake/crypto_setup_client.go:497.3,508.17 2 11
github.com/lucas-clemente/quic-go/handshake/crypto_setup_client.go:512.3,512.45 1 11
github.com/lucas-clemente/quic-go/handshake/crypto_setup_client.go:491.19,493.4 1 10
github.com/lucas-clemente/quic-go/handshake/crypto_setup_client.go:493.4,495.4 1 1
github.com/lucas-clemente/quic-go/handshake/crypto_setup_client.go:508.17,510.4 1 0
github.com/lucas-clemente/quic-go/handshake/crypto_setup_client.go:518.57,519.21 1 9
github.com/lucas-clemente/quic-go/handshake/crypto_setup_client.go:523.2,526.35 3 8
github.com/lucas-clemente/quic-go/handshake/crypto_setup_client.go:530.2,533.16 3 7
github.com/lucas-clemente/quic-go/handshake/crypto_setup_client.go:537.2,538.12 2 7
github.com/lucas-clemente/quic-go/handshake/crypto_setup_client.go:519.21,521.3 1 1
github.com/lucas-clemente/quic-go/handshake/crypto_setup_client.go:526.35,528.3 1 1
github.com/lucas-clemente/quic-go/handshake/crypto_setup_client.go:533.16,535.3 1 0
